2025-04-10 15:31:25.736982 - Received SBGOLOB.CBT509.FILE911 from FILE911.XMI 
2025-04-10 15:31:25.740023 - Found $$$#DATE.txt (text/plain) in SBGOLOB.CBT509.FILE911, moved to PDS/$$$#DATE
2025-04-10 15:31:25.740167 - Found $HIDEALL.rexx (text/plain) in SBGOLOB.CBT509.FILE911, moved to PDS/$HIDEALL
2025-04-10 15:31:25.740296 - Found #README.txt (text/plain) in SBGOLOB.CBT509.FILE911, moved to PDS/#README
2025-04-10 15:31:25.740406 - Found @FILE911.txt (text/plain) in SBGOLOB.CBT509.FILE911, moved to PDS/@FILE911
2025-04-10 15:31:25.740522 - Found @PROBLMS.txt (text/plain) in SBGOLOB.CBT509.FILE911, moved to PDS/@PROBLMS
2025-04-10 15:31:25.740636 - Found ALL.txt (text/plain) in SBGOLOB.CBT509.FILE911, moved to PDS/ALL
2025-04-10 15:31:25.740747 - Found ALLEXECS.txt (text/plain) in SBGOLOB.CBT509.FILE911, moved to PDS/ALLEXECS
2025-04-10 15:31:25.740856 - Found CANJOB.rexx (text/plain) in SBGOLOB.CBT509.FILE911, moved to PDS/CANJOB
2025-04-10 15:31:25.740959 - Found CONCATN.rexx (text/plain) in SBGOLOB.CBT509.FILE911, moved to PDS/CONCATN
2025-04-10 15:31:25.741067 - Found CONTAINS.rexx (text/plain) in SBGOLOB.CBT509.FILE911, moved to PDS/CONTAINS
2025-04-10 15:31:25.741173 - Found DOEQWILD.rexx (text/plain) in SBGOLOB.CBT509.FILE911, moved to PDS/DOEQWILD
2025-04-10 15:31:25.741276 - Found EQWILD.rexx (text/plain) in SBGOLOB.CBT509.FILE911, moved to PDS/EQWILD
2025-04-10 15:31:25.741376 - Found METRIC.rexx (text/plain) in SBGOLOB.CBT509.FILE911, moved to PDS/METRIC
2025-04-10 15:31:25.741471 - Found PERCENTI.txt (text/plain) in SBGOLOB.CBT509.FILE911, moved to PDS/PERCENTI
2025-04-10 15:31:25.741573 - Found PROB001.rexx (text/plain) in SBGOLOB.CBT509.FILE911, moved to PDS/PROB001
2025-04-10 15:31:25.741670 - Found PROB002.rexx (text/plain) in SBGOLOB.CBT509.FILE911, moved to PDS/PROB002
2025-04-10 15:31:25.741767 - Found PROB005.rexx (text/plain) in SBGOLOB.CBT509.FILE911, moved to PDS/PROB005
2025-04-10 15:31:25.741867 - Found PROB007.rexx (text/plain) in SBGOLOB.CBT509.FILE911, moved to PDS/PROB007
2025-04-10 15:31:25.741965 - Found PROB008.rexx (text/plain) in SBGOLOB.CBT509.FILE911, moved to PDS/PROB008
2025-04-10 15:31:25.742061 - Found PROB010.rexx (text/plain) in SBGOLOB.CBT509.FILE911, moved to PDS/PROB010
2025-04-10 15:31:25.742168 - Found PROB015.rexx (text/plain) in SBGOLOB.CBT509.FILE911, moved to PDS/PROB015
2025-04-10 15:31:25.742276 - Found PROB016.rexx (text/plain) in SBGOLOB.CBT509.FILE911, moved to PDS/PROB016
2025-04-10 15:31:25.742371 - Found PROB018.rexx (text/plain) in SBGOLOB.CBT509.FILE911, moved to PDS/PROB018
2025-04-10 15:31:25.742465 - Found PROB019.rexx (text/plain) in SBGOLOB.CBT509.FILE911, moved to PDS/PROB019
2025-04-10 15:31:25.742566 - Found PROB028.rexx (text/plain) in SBGOLOB.CBT509.FILE911, moved to PDS/PROB028
2025-04-10 15:31:25.742666 - Found PROB029.rexx (text/plain) in SBGOLOB.CBT509.FILE911, moved to PDS/PROB029
2025-04-10 15:31:25.742767 - Found PROB030.rexx (text/plain) in SBGOLOB.CBT509.FILE911, moved to PDS/PROB030
2025-04-10 15:31:25.742867 - Found PROB031.rexx (text/plain) in SBGOLOB.CBT509.FILE911, moved to PDS/PROB031
2025-04-10 15:31:25.742986 - Found PROB032.rexx (text/plain) in SBGOLOB.CBT509.FILE911, moved to PDS/PROB032
2025-04-10 15:31:25.743102 - Found PROB033.rexx (text/plain) in SBGOLOB.CBT509.FILE911, moved to PDS/PROB033
2025-04-10 15:31:25.743203 - Found PROB035.rexx (text/plain) in SBGOLOB.CBT509.FILE911, moved to PDS/PROB035
2025-04-10 15:31:25.743305 - Found PROB037.rexx (text/plain) in SBGOLOB.CBT509.FILE911, moved to PDS/PROB037
2025-04-10 15:31:25.743408 - Found PROB038.rexx (text/plain) in SBGOLOB.CBT509.FILE911, moved to PDS/PROB038
2025-04-10 15:31:25.743511 - Found PROB039.rexx (text/plain) in SBGOLOB.CBT509.FILE911, moved to PDS/PROB039
2025-04-10 15:31:25.743609 - Found PROB040.rexx (text/plain) in SBGOLOB.CBT509.FILE911, moved to PDS/PROB040
2025-04-10 15:31:25.743710 - Found PROB041.rexx (text/plain) in SBGOLOB.CBT509.FILE911, moved to PDS/PROB041
2025-04-10 15:31:25.743813 - Found PROB042.rexx (text/plain) in SBGOLOB.CBT509.FILE911, moved to PDS/PROB042
2025-04-10 15:31:25.743918 - Found PROB043.rexx (text/plain) in SBGOLOB.CBT509.FILE911, moved to PDS/PROB043
2025-04-10 15:31:25.744020 - Found PROB044.rexx (text/plain) in SBGOLOB.CBT509.FILE911, moved to PDS/PROB044
2025-04-10 15:31:25.744140 - Found PROB046.rexx (text/plain) in SBGOLOB.CBT509.FILE911, moved to PDS/PROB046
2025-04-10 15:31:25.744247 - Found PROB048.rexx (text/plain) in SBGOLOB.CBT509.FILE911, moved to PDS/PROB048
2025-04-10 15:31:25.744360 - Found PROB049.rexx (text/plain) in SBGOLOB.CBT509.FILE911, moved to PDS/PROB049
2025-04-10 15:31:25.744463 - Found PROB050.rexx (text/plain) in SBGOLOB.CBT509.FILE911, moved to PDS/PROB050
2025-04-10 15:31:25.744567 - Found PROB051.rexx (text/plain) in SBGOLOB.CBT509.FILE911, moved to PDS/PROB051
2025-04-10 15:31:25.744667 - Found PROB052.rexx (text/plain) in SBGOLOB.CBT509.FILE911, moved to PDS/PROB052
2025-04-10 15:31:25.744779 - Found PROB053.rexx (text/plain) in SBGOLOB.CBT509.FILE911, moved to PDS/PROB053
2025-04-10 15:31:25.744877 - Found PROB054.rexx (text/plain) in SBGOLOB.CBT509.FILE911, moved to PDS/PROB054
2025-04-10 15:31:25.744976 - Found PROB056.rexx (text/plain) in SBGOLOB.CBT509.FILE911, moved to PDS/PROB056
2025-04-10 15:31:25.745103 - Found PROB058.rexx (text/plain) in SBGOLOB.CBT509.FILE911, moved to PDS/PROB058
2025-04-10 15:31:25.745208 - Found PROB059.rexx (text/plain) in SBGOLOB.CBT509.FILE911, moved to PDS/PROB059
2025-04-10 15:31:25.745307 - Found PROB060.rexx (text/plain) in SBGOLOB.CBT509.FILE911, moved to PDS/PROB060
2025-04-10 15:31:25.745407 - Found PROB061.rexx (text/plain) in SBGOLOB.CBT509.FILE911, moved to PDS/PROB061
2025-04-10 15:31:25.745516 - Found PROB062.rexx (text/plain) in SBGOLOB.CBT509.FILE911, moved to PDS/PROB062
2025-04-10 15:31:25.745619 - Found PROB063.rexx (text/plain) in SBGOLOB.CBT509.FILE911, moved to PDS/PROB063
2025-04-10 15:31:25.745717 - Found PROB064.rexx (text/plain) in SBGOLOB.CBT509.FILE911, moved to PDS/PROB064
2025-04-10 15:31:25.745815 - Found PROB065.rexx (text/plain) in SBGOLOB.CBT509.FILE911, moved to PDS/PROB065
2025-04-10 15:31:25.745917 - Found PROB066.rexx (text/plain) in SBGOLOB.CBT509.FILE911, moved to PDS/PROB066
2025-04-10 15:31:25.746017 - Found PROB067.rexx (text/plain) in SBGOLOB.CBT509.FILE911, moved to PDS/PROB067
2025-04-10 15:31:25.746129 - Found PROB068.rexx (text/plain) in SBGOLOB.CBT509.FILE911, moved to PDS/PROB068
2025-04-10 15:31:25.746228 - Found PROB069.rexx (text/plain) in SBGOLOB.CBT509.FILE911, moved to PDS/PROB069
2025-04-10 15:31:25.746339 - Found SQRT.rexx (text/plain) in SBGOLOB.CBT509.FILE911, moved to PDS/SQRT
2025-04-10 15:31:25.746443 - Found STQUICK.rexx (text/plain) in SBGOLOB.CBT509.FILE911, moved to PDS/STQUICK
2025-04-10 15:31:25.746550 - Found SUBJCL1.txt (text/plain) in SBGOLOB.CBT509.FILE911, moved to PDS/SUBJCL1
2025-04-10 15:31:25.746654 - Found SUBJCL2.rexx (text/plain) in SBGOLOB.CBT509.FILE911, moved to PDS/SUBJCL2
2025-04-10 15:31:25.746752 - Found SUBJCL3.rexx (text/plain) in SBGOLOB.CBT509.FILE911, moved to PDS/SUBJCL3
2025-04-10 15:31:25.746850 - Found UPDTMEMB.rexx (text/plain) in SBGOLOB.CBT509.FILE911, moved to PDS/UPDTMEMB
